d:\zju\大二春夏\数据库\exp05\libsys\x64\debug\qrc_libsys.obj
d:\zju\大二春夏\数据库\exp05\libsys\x64\debug\moc_libsys.obj
d:\zju\大二春夏\数据库\exp05\libsys\x64\debug\main.obj
d:\zju\大二春夏\数据库\exp05\libsys\x64\debug\login_win.obj
d:\zju\大二春夏\数据库\exp05\libsys\x64\debug\moc_login_win.obj
d:\zju\大二春夏\数据库\exp05\libsys\x64\debug\vc142.pdb
d:\zju\大二春夏\数据库\exp05\libsys\x64\debug\myapi.obj
d:\zju\大二春夏\数据库\exp05\libsys\x64\debug\libsys.obj
d:\zju\大二春夏\数据库\exp05\libsys\x64\debug\uic\ui_libsys.h
d:\zju\大二春夏\数据库\exp05\libsys\x64\debug\rcc\qrc_libsys.cpp
d:\zju\大二春夏\数据库\exp05\libsys\x64\debug\moc\moc_libsys.cpp
d:\zju\大二春夏\数据库\exp05\libsys\x64\debug\uic\ui_login_win.h
d:\zju\大二春夏\数据库\exp05\libsys\x64\debug\moc\moc_login_win.cpp
d:\zju\大二春夏\数据库\exp05\libsys\x64\debug\libsys.exe
d:\zju\大二春夏\数据库\exp05\libsys\x64\debug\libsys.ilk
d:\zju\大二春夏\数据库\exp05\libsys\x64\debug\libsys.pdb
d:\zju\大二春夏\数据库\exp05\libsys\x64\debug\\moc\moc_libsys.cpp
d:\zju\大二春夏\数据库\exp05\libsys\x64\debug\\moc\moc_login_win.cpp
d:\zju\大二春夏\数据库\exp05\libsys\x64\debug\\rcc\qrc_libsys.cpp
d:\zju\大二春夏\数据库\exp05\libsys\x64\debug\\uic\ui_libsys.h
d:\zju\大二春夏\数据库\exp05\libsys\x64\debug\\uic\ui_login_win.h
d:\zju\大二春夏\数据库\exp05\libsys\x64\debug\msado15.tli
d:\zju\大二春夏\数据库\exp05\libsys\x64\debug\msado15.tlh
d:\zju\大二春夏\数据库\exp05\libsys\x64\debug\libsys.tlog\cl.command.1.tlog
d:\zju\大二春夏\数据库\exp05\libsys\x64\debug\libsys.tlog\cl.read.1.tlog
d:\zju\大二春夏\数据库\exp05\libsys\x64\debug\libsys.tlog\cl.write.1.tlog
d:\zju\大二春夏\数据库\exp05\libsys\x64\debug\libsys.tlog\libsys.write.1u.tlog
d:\zju\大二春夏\数据库\exp05\libsys\x64\debug\libsys.tlog\link.command.1.tlog
d:\zju\大二春夏\数据库\exp05\libsys\x64\debug\libsys.tlog\link.read.1.tlog
d:\zju\大二春夏\数据库\exp05\libsys\x64\debug\libsys.tlog\link.write.1.tlog
d:\zju\大二春夏\数据库\exp05\libsys\x64\debug\libsys.tlog\moc.read.1u.tlog
d:\zju\大二春夏\数据库\exp05\libsys\x64\debug\libsys.tlog\moc.write.1u.tlog
d:\zju\大二春夏\数据库\exp05\libsys\x64\debug\libsys.tlog\rcc.read.1u.tlog
d:\zju\大二春夏\数据库\exp05\libsys\x64\debug\libsys.tlog\rcc.write.1u.tlog
d:\zju\大二春夏\数据库\exp05\libsys\x64\debug\libsys.tlog\uic.read.1u.tlog
d:\zju\大二春夏\数据库\exp05\libsys\x64\debug\libsys.tlog\uic.write.1u.tlog
